# JRE version: Java(TM) SE Runtime Environment (8.0_181-b13) (build 1.8.0_181-b13)
# Java VM: Java HotSpot(TM) Client VM (25.181-b13 mixed mode, sharing windows-x86 )
Heap:
 def new generation   total 58688K, used 19990K [0x06c00000, 0x0aba0000, 0x0c150000)
  eden space 52224K,  36% used [0x06c00000, 0x07e96e28, 0x09f00000)
  from space 6464K,  14% used [0x09f00000, 0x09feeac8, 0x0a550000)
  to   space 6464K,   0% used [0x0a550000, 0x0a550000, 0x0aba0000)
 tenured generation   total 130272K, used 62074K [0x0c150000, 0x14088000, 0x16c00000)
   the space 130272K,  47% used [0x0c150000, 0x0fdee870, 0x0fdeea00, 0x14088000)
 Metaspace       used 11919K, capacity 12747K, committed 12800K, reserved 13696K
GC Heap History (10 events):
Event: 120.672 GC heap before
{Heap before GC invocations=155 (full 7):
 def new generation   total 58688K, used 53487K [0x06c00000, 0x0aba0000, 0x0c150000)
  eden space 52224K, 100% used [0x06c00000, 0x09f00000, 0x09f00000)
  from space 6464K,  19% used [0x0a550000, 0x0a68bd50, 0x0aba0000)
  to   space 6464K,   0% used [0x09f00000, 0x09f00000, 0x0a550000)
 tenured generation   total 130272K, used 62074K [0x0c150000, 0x14088000, 0x16c00000)
   the space 130272K,  47% used [0x0c150000, 0x0fdee870, 0x0fdeea00, 0x14088000)
 Metaspace       used 11864K, capacity 12683K, committed 12800K, reserved 13696K
Event: 120.675 GC heap after
Heap after GC invocations=156 (full 7):
 def new generation   total 58688K, used 1309K [0x06c00000, 0x0aba0000, 0x0c150000)
  eden space 52224K,   0% used [0x06c00000, 0x06c00000, 0x09f00000)
  from space 6464K,  20% used [0x09f00000, 0x0a047448, 0x0a550000)
  to   space 6464K,   0% used [0x0a550000, 0x0a550000, 0x0aba0000)
 tenured generation   total 130272K, used 62074K [0x0c150000, 0x14088000, 0x16c00000)
   the space 130272K,  47% used [0x0c150000, 0x0fdee870, 0x0fdeea00, 0x14088000)
 Metaspace       used 11864K, capacity 12683K, committed 12800K, reserved 13696K
}
Event: 120.745 GC heap before
{Heap before GC invocations=156 (full 7):
 def new generation   total 58688K, used 53533K [0x06c00000, 0x0aba0000, 0x0c150000)
  eden space 52224K, 100% used [0x06c00000, 0x09f00000, 0x09f00000)
  from space 6464K,  20% used [0x09f00000, 0x0a047448, 0x0a550000)
  to   space 6464K,   0% used [0x0a550000, 0x0a550000, 0x0aba0000)
 tenured generation   total 130272K, used 62074K [0x0c150000, 0x14088000, 0x16c00000)
   the space 130272K,  47% used [0x0c150000, 0x0fdee870, 0x0fdeea00, 0x14088000)
 Metaspace       used 11864K, capacity 12683K, committed 12800K, reserved 13696K
Event: 120.748 GC heap after
Heap after GC invocations=157 (full 7):
 def new generation   total 58688K, used 1082K [0x06c00000, 0x0aba0000, 0x0c150000)
  eden space 52224K,   0% used [0x06c00000, 0x06c00000, 0x09f00000)
  from space 6464K,  16% used [0x0a550000, 0x0a65ea80, 0x0aba0000)
  to   space 6464K,   0% used [0x09f00000, 0x09f00000, 0x0a550000)
 tenured generation   total 130272K, used 62074K [0x0c150000, 0x14088000, 0x16c00000)
   the space 130272K,  47% used [0x0c150000, 0x0fdee870, 0x0fdeea00, 0x14088000)
 Metaspace       used 11864K, capacity 12683K, committed 12800K, reserved 13696K
}
Event: 120.831 GC heap before
{Heap before GC invocations=157 (full 7):
 def new generation   total 58688K, used 53306K [0x06c00000, 0x0aba0000, 0x0c150000)
  eden space 52224K, 100% used [0x06c00000, 0x09f00000, 0x09f00000)
  from space 6464K,  16% used [0x0a550000, 0x0a65ea80, 0x0aba0000)
  to   space 6464K,   0% used [0x09f00000, 0x09f00000, 0x0a550000)
 tenured generation   total 130272K, used 62074K [0x0c150000, 0x14088000, 0x16c00000)
   the space 130272K,  47% used [0x0c150000, 0x0fdee870, 0x0fdeea00, 0x14088000)
 Metaspace       used 11864K, capacity 12683K, committed 12800K, reserved 13696K
Event: 120.834 GC heap after
Heap after GC invocations=158 (full 7):
 def new generation   total 58688K, used 1167K [0x06c00000, 0x0aba0000, 0x0c150000)
  eden space 52224K,   0% used [0x06c00000, 0x06c00000, 0x09f00000)
  from space 6464K,  18% used [0x09f00000, 0x0a023e80, 0x0a550000)
  to   space 6464K,   0% used [0x0a550000, 0x0a550000, 0x0aba0000)
 tenured generation   total 130272K, used 62074K [0x0c150000, 0x14088000, 0x16c00000)
   the space 130272K,  47% used [0x0c150000, 0x0fdee870, 0x0fdeea00, 0x14088000)
 Metaspace       used 11864K, capacity 12683K, committed 12800K, reserved 13696K
}
Event: 120.874 GC heap before
{Heap before GC invocations=158 (full 7):
 def new generation   total 58688K, used 53391K [0x06c00000, 0x0aba0000, 0x0c150000)
  eden space 52224K, 100% used [0x06c00000, 0x09f00000, 0x09f00000)
  from space 6464K,  18% used [0x09f00000, 0x0a023e80, 0x0a550000)
  to   space 6464K,   0% used [0x0a550000, 0x0a550000, 0x0aba0000)
 tenured generation   total 130272K, used 62074K [0x0c150000, 0x14088000, 0x16c00000)
   the space 130272K,  47% used [0x0c150000, 0x0fdee870, 0x0fdeea00, 0x14088000)
 Metaspace       used 11864K, capacity 12683K, committed 12800K, reserved 13696K
Event: 120.876 GC heap after
Heap after GC invocations=159 (full 7):
 def new generation   total 58688K, used 1169K [0x06c00000, 0x0aba0000, 0x0c150000)
  eden space 52224K,   0% used [0x06c00000, 0x06c00000, 0x09f00000)
  from space 6464K,  18% used [0x0a550000, 0x0a6744a8, 0x0aba0000)
  to   space 6464K,   0% used [0x09f00000, 0x09f00000, 0x0a550000)
 tenured generation   total 130272K, used 62074K [0x0c150000, 0x14088000, 0x16c00000)
   the space 130272K,  47% used [0x0c150000, 0x0fdee870, 0x0fdeea00, 0x14088000)
 Metaspace       used 11864K, capacity 12683K, committed 12800K, reserved 13696K
}
Event: 205.622 GC heap before
{Heap before GC invocations=159 (full 7):
 def new generation   total 58688K, used 53393K [0x06c00000, 0x0aba0000, 0x0c150000)
  eden space 52224K, 100% used [0x06c00000, 0x09f00000, 0x09f00000)
  from space 6464K,  18% used [0x0a550000, 0x0a6744a8, 0x0aba0000)
  to   space 6464K,   0% used [0x09f00000, 0x09f00000, 0x0a550000)
 tenured generation   total 130272K, used 62074K [0x0c150000, 0x14088000, 0x16c00000)
   the space 130272K,  47% used [0x0c150000, 0x0fdee870, 0x0fdeea00, 0x14088000)
 Metaspace       used 11864K, capacity 12683K, committed 12800K, reserved 13696K
Event: 205.626 GC heap after
Heap after GC invocations=160 (full 7):
 def new generation   total 58688K, used 954K [0x06c00000, 0x0aba0000, 0x0c150000)
  eden space 52224K,   0% used [0x06c00000, 0x06c00000, 0x09f00000)
  from space 6464K,  14% used [0x09f00000, 0x09feeac8, 0x0a550000)
  to   space 6464K,   0% used [0x0a550000, 0x0a550000, 0x0aba0000)
 tenured generation   total 130272K, used 62074K [0x0c150000, 0x14088000, 0x16c00000)
   the space 130272K,  47% used [0x0c150000, 0x0fdee870, 0x0fdeea00, 0x14088000)
 Metaspace       used 11864K, capacity 12683K, committed 12800K, reserved 13696K
}

